0 info it worked if it ends with ok
1 verbose cli [ 'node', '/usr/local/bin/npm', 'install', '--save', 'multer' ]
2 info using npm@1.4.28
3 info using node@v0.10.36
4 warn package.json kzhweb@ No description
5 warn package.json kzhweb@ No repository field.
6 warn package.json kzhweb@ No README data
7 warn package.json filereader@0.10.3 No repository field.
8 verbose readDependencies using package.json deps
9 verbose cache add [ 'multer', null ]
10 verbose cache add name=undefined spec="multer" args=["multer",null]
11 verbose parsed url { protocol: null,
11 verbose parsed url   slashes: null,
11 verbose parsed url   auth: null,
11 verbose parsed url   host: null,
11 verbose parsed url   port: null,
11 verbose parsed url   hostname: null,
11 verbose parsed url   hash: null,
11 verbose parsed url   search: null,
11 verbose parsed url   query: null,
11 verbose parsed url   pathname: 'multer',
11 verbose parsed url   path: 'multer',
11 verbose parsed url   href: 'multer' }
12 silly lockFile f75d3261-multer multer
13 verbose lock multer /Users/panyaxbo/.npm/f75d3261-multer.lock
14 silly lockFile f75d3261-multer multer
15 silly lockFile f75d3261-multer multer
16 verbose addNamed [ 'multer', '' ]
17 verbose addNamed [ null, '*' ]
18 silly lockFile 12cfa37d-multer multer@
19 verbose lock multer@ /Users/panyaxbo/.npm/12cfa37d-multer.lock
20 silly addNameRange { name: 'multer', range: '*', hasData: false }
21 verbose request where is /multer
22 verbose request registry https://registry.npmjs.org/
23 verbose request id 2fab38e26f4b628c
24 verbose url raw /multer
25 verbose url resolving [ 'https://registry.npmjs.org/', './multer' ]
26 verbose url resolved https://registry.npmjs.org/multer
27 verbose request where is https://registry.npmjs.org/multer
28 info trying registry request attempt 1 at 07:12:58
29 verbose etag "CFHK8M94UM9S43P2FJJJKJKL1"
30 http GET https://registry.npmjs.org/multer
31 http 304 https://registry.npmjs.org/multer
32 silly registry.get cb [ 304,
32 silly registry.get   { date: 'Fri, 09 Oct 2015 00:12:57 GMT',
32 silly registry.get     via: '1.1 varnish',
32 silly registry.get     'cache-control': 'max-age=60',
32 silly registry.get     etag: '"CFHK8M94UM9S43P2FJJJKJKL1"',
32 silly registry.get     age: '0',
32 silly registry.get     connection: 'keep-alive',
32 silly registry.get     'x-served-by': 'cache-sin6921-SIN',
32 silly registry.get     'x-cache': 'MISS',
32 silly registry.get     'x-cache-hits': '0',
32 silly registry.get     'x-timer': 'S1444349577.717269,VS0,VE264',
32 silly registry.get     vary: 'Accept' } ]
33 verbose etag https://registry.npmjs.org/multer from cache
34 silly addNameRange number 2 { name: 'multer', range: '*', hasData: true }
35 silly addNameRange versions [ 'multer',
35 silly addNameRange   [ '0.0.1',
35 silly addNameRange     '0.0.2',
35 silly addNameRange     '0.0.3',
35 silly addNameRange     '0.0.4',
35 silly addNameRange     '0.0.5',
35 silly addNameRange     '0.0.6',
35 silly addNameRange     '0.0.7',
35 silly addNameRange     '0.1.0',
35 silly addNameRange     '0.1.1',
35 silly addNameRange     '0.1.2',
35 silly addNameRange     '0.1.3',
35 silly addNameRange     '0.1.4',
35 silly addNameRange     '0.1.6',
35 silly addNameRange     '0.1.7',
35 silly addNameRange     '0.1.8',
35 silly addNameRange     '1.0.0',
35 silly addNameRange     '1.0.1',
35 silly addNameRange     '1.0.2',
35 silly addNameRange     '1.0.3',
35 silly addNameRange     '1.0.4',
35 silly addNameRange     '1.0.5',
35 silly addNameRange     '1.0.6' ] ]
36 verbose addNamed [ 'multer', '1.0.6' ]
37 verbose addNamed [ '1.0.6', '1.0.6' ]
38 silly lockFile 7226bbee-multer-1-0-6 multer@1.0.6
39 verbose lock multer@1.0.6 /Users/panyaxbo/.npm/7226bbee-multer-1-0-6.lock
40 silly lockFile 11650064-pmjs-org-multer-multer-1-0-6-tgz https://registry.npmjs.org/multer/-/multer-1.0.6.tgz
41 verbose lock https://registry.npmjs.org/multer/-/multer-1.0.6.tgz /Users/panyaxbo/.npm/11650064-pmjs-org-multer-multer-1-0-6-tgz.lock
42 verbose addRemoteTarball [ 'https://registry.npmjs.org/multer/-/multer-1.0.6.tgz',
42 verbose addRemoteTarball   '526524f6bf59a38a54e0621208b5d0a54f507a7d' ]
43 info retry fetch attempt 1 at 07:12:59
44 verbose fetch to= /var/folders/sm/008z818n2r76vptq5qblj8fc0000gn/T/npm-5376-LlqjPCko/registry.npmjs.org/multer/-/multer-1.0.6.tgz
45 http GET https://registry.npmjs.org/multer/-/multer-1.0.6.tgz
46 http 200 https://registry.npmjs.org/multer/-/multer-1.0.6.tgz
47 silly lockFile 11650064-pmjs-org-multer-multer-1-0-6-tgz https://registry.npmjs.org/multer/-/multer-1.0.6.tgz
48 silly lockFile 11650064-pmjs-org-multer-multer-1-0-6-tgz https://registry.npmjs.org/multer/-/multer-1.0.6.tgz
49 silly lockFile 7226bbee-multer-1-0-6 multer@1.0.6
50 silly lockFile 7226bbee-multer-1-0-6 multer@1.0.6
51 silly lockFile 12cfa37d-multer multer@
52 silly lockFile 12cfa37d-multer multer@
53 error Error: EACCES, mkdir '/Users/panyaxbo/.npm/multer/1.0.6'
53 error  { [Error: EACCES, mkdir '/Users/panyaxbo/.npm/multer/1.0.6']
53 error   errno: 3,
53 error   code: 'EACCES',
53 error   path: '/Users/panyaxbo/.npm/multer/1.0.6',
53 error   parent: 'kzhweb' }
54 error Please try running this command again as root/Administrator.
55 error System Darwin 15.0.0
56 error command "node" "/usr/local/bin/npm" "install" "--save" "multer"
57 error cwd /Users/panyaxbo/Documents/KZHWEB
58 error node -v v0.10.36
59 error npm -v 1.4.28
60 error path /Users/panyaxbo/.npm/multer/1.0.6
61 error code EACCES
62 error errno 3
63 error stack Error: EACCES, mkdir '/Users/panyaxbo/.npm/multer/1.0.6'
64 verbose exit [ 3, true ]
